\BOOKMARK [0][-]{section*.1}{\376\377\000S\000a\001\176\000e\000t\000a\000k}{}% 1
\BOOKMARK [0][-]{chapter.3}{\376\377\000O\000s\000n\000o\000v\000n\000i\000\040\000p\000o\000j\000m\000o\000v\000i}{}% 2
\BOOKMARK [1][-]{section.7}{\376\377\000C\000e\000n\000t\000r\000a\000l\000n\000a\000\040\000d\000o\000g\000m\000a\000\040\000m\000o\000l\000e\000k\000u\000l\000a\000r\000n\000e\000\040\000b\000i\000o\000l\000o\000g\000i\000j\000e}{chapter.3}% 3
\BOOKMARK [1][-]{section.10}{\376\377\000H\000o\000m\000o\000l\000o\000g\000i\000j\000a}{chapter.3}% 4
\BOOKMARK [1][-]{section.11}{\376\377\000P\000r\000o\000t\000e\000i\000n\000i}{chapter.3}% 5
\BOOKMARK [2][-]{subsection.12}{\376\377\000A\000m\000i\000n\000o\000k\000i\000s\000e\000l\000i\000n\000e}{section.11}% 6
\BOOKMARK [2][-]{subsection.17}{\376\377\000S\000t\000r\000u\000k\000t\000u\000r\000a\000\040\000p\000r\000o\000t\000e\000i\000n\000a}{section.11}% 7
\BOOKMARK [2][-]{subsection.21}{\376\377\000E\000n\000z\000i\000m\000i}{section.11}% 8
\BOOKMARK [2][-]{subsection.23}{\376\377\000F\000u\000n\000k\000c\000i\000j\000a\000\040\000p\000r\000o\000t\000e\000i\000n\000a}{section.11}% 9
\BOOKMARK [0][-]{chapter.24}{\376\377\000I\000n\000h\000e\000r\000e\000n\000t\000n\000o\000\040\000n\000e\000u\000r\000e\001\021\000e\000n\000i\000\040\000p\000r\000o\000t\000e\000i\000n\000i}{}% 10
\BOOKMARK [1][-]{section.35}{\376\377\000O\000s\000o\000b\000i\000n\000e\000\040\000i\000\040\000u\000t\000i\000c\000a\000j\000\040\000n\000a\000\040\000f\000u\000n\000k\000c\000i\000j\000u}{chapter.24}% 11
\BOOKMARK [1][-]{section.39}{\376\377\000E\000k\000s\000p\000e\000r\000i\000m\000e\000n\000t\000a\000l\000n\000o\000\040\000i\000s\000p\000i\000t\000i\000v\000a\000n\000j\000e\000\040\000n\000e\000u\000r\000e\001\021\000e\000n\000o\000s\000t\000i}{chapter.24}% 12
\BOOKMARK [1][-]{section.40}{\376\377\000P\000r\000e\000d\000i\000k\000c\000i\000j\000a\000\040\000n\000e\000u\000r\000e\001\021\000e\000n\000o\000s\000t\000i}{chapter.24}% 13
\BOOKMARK [2][-]{subsection.42}{\376\377\000P\000O\000N\000D\000R\000\040\000f\000a\000m\000i\000l\000i\000j\000a\000\040\000p\000r\000e\000d\000i\000k\000t\000o\000r\000a\000\040\000i\000\040\000V\000S\000L\0002\000b}{section.40}% 14
\BOOKMARK [0][-]{chapter.44}{\376\377\000B\000a\000z\000e\000\040\000p\000o\000d\000a\000t\000a\000k\000a\000\040\000u\000\040\000b\000i\000o\000i\000n\000f\000o\000r\000m\000a\000t\000i\000c\000i}{}% 15
\BOOKMARK [1][-]{section.49}{\376\377\000O\000n\000t\000o\000l\000o\000g\000i\000j\000e\000\040\000g\000e\000n\000a}{chapter.44}% 16
\BOOKMARK [2][-]{subsection.54}{\376\377\000G\000O\000\040\000t\000e\000r\000m\000i\000n}{section.49}% 17
\BOOKMARK [2][-]{subsection.56}{\376\377\000G\000O\000\040\000r\000e\000l\000a\000c\000i\000j\000e}{section.49}% 18
\BOOKMARK [2][-]{subsection.63}{\376\377\000M\000o\000l\000e\000k\000u\000l\000s\000k\000a\000\040\000f\000u\000n\000k\000c\000i\000j\000a}{section.49}% 19
\BOOKMARK [1][-]{section.64}{\376\377\000U\000n\000i\000P\000r\000o\000t\000K\000B\000/\000S\000w\000i\000s\000s\000-\000P\000r\000o\000t}{chapter.44}% 20
\BOOKMARK [0][-]{chapter.137}{\376\377\000P\000o\000d\000a\000c\000i\000\040\000i\000\040\000m\000e\000t\000o\000d\000e}{}% 21
\BOOKMARK [1][-]{section.138}{\376\377\000P\000o\000d\000a\000c\000i}{chapter.137}% 22
\BOOKMARK [2][-]{subsection.142}{\376\377\000P\000o\000d\000a\000c\000i\000\040\000i\000z\000\040\000o\000r\000i\000g\000i\000n\000a\000l\000n\000o\000g\000\040\000r\000a\000d\000a}{section.138}% 23
\BOOKMARK [2][-]{subsection.143}{\376\377\000P\000o\000d\000a\000c\000i\000\040\000k\000o\000r\000i\001\141\001\007\000e\000n\000i\000\040\000u\000\040\000o\000v\000o\000m\000\040\000i\000s\000t\000r\000a\001\176\000i\000v\000a\000n\000j\000u}{section.138}% 24
\BOOKMARK [1][-]{section.148}{\376\377\000M\000e\000t\000o\000d}{chapter.137}% 25
\BOOKMARK [2][-]{subsection.149}{\376\377\000P\000r\000e\000d\000i\000k\000c\000i\000j\000a\000\040\000n\000e\000u\000r\000e\001\021\000e\000n\000o\000s\000t\000i\000\040\000p\000r\000o\000t\000e\000i\000n\000a}{section.148}% 26
\BOOKMARK [2][-]{subsection.152}{\376\377\000Z\000a\000v\000i\000s\000n\000o\000s\000t\000\040\000d\000u\001\176\000i\000n\000e\000\040\000p\000r\000o\000t\000e\000i\000n\000a\000\040\000i\000\040\000p\000r\000e\000d\000i\000k\000c\000i\000j\000e\000\040\000d\000u\000g\000a\001\015\000k\000o\000g\000\040\000n\000e\000u\000r\000e\001\021\000e\000n\000o\000g\000\040\000r\000e\000g\000i\000o\000n\000a}{section.148}% 27
\BOOKMARK [2][-]{subsection.158}{\376\377\000O\000c\000e\000n\000j\000i\000v\000a\000n\000j\000e\000\040\000z\000a\000v\000i\000s\000n\000o\000s\000t\000i\000\040\000f\000u\000n\000k\000c\000i\000j\000e\000\040\000o\000d\000\040\000n\000e\000u\000r\000e\001\021\000e\000n\000o\000s\000t\000i}{section.148}% 28
\BOOKMARK [0][-]{chapter.160}{\376\377\000P\000r\000i\000p\000r\000e\000m\000a\000\040\000p\000o\000d\000a\000t\000a\000k\000a}{}% 29
\BOOKMARK [1][-]{section.161}{\376\377\000O\000b\000j\000e\000d\000i\000n\000j\000a\000v\000a\000n\000j\000e\000\040\000C\000A\000F\000A\0003\000\040\000i\000\040\000n\000o\000v\000i\000j\000i\000h\000\040\000S\000w\000i\000s\000s\000-\000P\000r\000o\000t\000\040\000p\000r\000o\000t\000e\000i\000n\000a}{chapter.160}% 30
\BOOKMARK [1][-]{section.166}{\376\377\000G\000r\000u\000p\000i\000s\000a\000n\000j\000e\000\040\000p\000r\000o\000t\000e\000i\000n\000a\000\040\000p\000o\000\040\000G\000O\000\040\000t\000e\000r\000m\000i\000n\000i\000m\000a}{chapter.160}% 31
\BOOKMARK [1][-]{section.169}{\376\377\000M\000a\000p\000i\000r\000a\000n\000j\000e\000\040\000i\000z\000m\000e\001\021\000u\000\040\000G\000O\000\040\000t\000e\000r\000m\000i\000n\000a\000\040\000i\000\040\000S\000w\000i\000s\000s\000-\000P\000r\000o\000t\000\040\000k\000l\000j\000u\001\015\000n\000i\000h\000\040\000r\000e\001\015\000i}{chapter.160}% 32
\BOOKMARK [1][-]{section.174}{\376\377\000M\000e\000t\000o\000d\000\040\000s\000l\000i\001\015\000n\000i\000h\000\040\000a\000n\000o\000t\000a\000c\000i\000j\000a}{chapter.160}% 33
\BOOKMARK [0][-]{chapter.176}{\376\377\000R\000e\000z\000u\000l\000t\000a\000t\000i}{}% 34
\BOOKMARK [0][-]{appendix*.183}{\376\377\000B\000i\000b\000l\000i\000o\000g\000r\000a\000f\000i\000j\000a}{}% 35
